<?xml version="1.0" encoding="UTF-8"?>
<!-- Generated by org.testng.reporters.JUnitXMLReporter -->
<testsuite hostname="TEB5J02J3" ignored="0" name="sublocationCreationTest" tests="3" failures="0" timestamp="2024-02-07T12:30:03 IST" time="104.818" errors="0">
  <testcase name="verifyMySiteLogin" time="0.12" classname="com.mysite.testcases.TC_AddNewSubLocation"/>
  <testcase name="searchCustomerID" time="9.84" classname="com.mysite.testcases.TC_AddNewSubLocation"/>
  <testcase name="createNewSubLocation" time="55.28" classname="com.mysite.testcases.TC_AddNewSubLocation"/>
</testsuite> <!-- sublocationCreationTest -->
