<?xml version="1.0" encoding="UTF-8"?>
<!-- Generated by org.testng.reporters.JUnitXMLReporter -->
<testsuite hostname="TEB5J02J3" ignored="0" name="SampleTest" tests="5" failures="2" timestamp="2024-02-14T19:10:11 IST" time="101.118" errors="0">
  <testcase name="createNewSite" time="40.165" classname="com.mysite.testcases.TC_AddNewSite">
    <failure type="java.lang.AssertionError" message="expected [true] but found [false]">
      <![CDATA[java.lang.AssertionError: expected [true] but found [false]
at com.mysite.pageobject.AddANewSite.siteCreationcheck(AddANewSite.java:113)
at com.mysite.testcases.TC_AddNewSite.createNewSite(TC_AddNewSite.java:25)
at java.util.ArrayList.forEach(Unknown Source)
... Removed 31 stack frames]]>
    </failure>
  </testcase> <!-- createNewSite -->
  <testcase name="verifyMySiteLogin" time="0.072" classname="com.mysite.testcases.TC_AddNewSublocationTest"/>
  <testcase name="searchCustomerID" time="4.603" classname="com.mysite.testcases.TC_AddNewSublocationTest"/>
  <testcase name="searchExistingSites" time="30.761" classname="com.mysite.testcases.TC_AddNewSublocationTest"/>
  <testcase name="createNewSubLocation" time="1.904" classname="com.mysite.testcases.TC_AddNewSublocationTest">
    <failure type="java.lang.AssertionError" message="expected [true] but found [false]">
      <![CDATA[java.lang.AssertionError: expected [true] but found [false]
at com.mysite.pageobject.ExistingSitesPage.addNewSubLocation(ExistingSitesPage.java:102)
at com.mysite.testcases.TC_AddNewSublocationTest.createNewSubLocation(TC_AddNewSublocationTest.java:45)
at java.util.ArrayList.forEach(Unknown Source)
... Removed 31 stack frames]]>
    </failure>
  </testcase> <!-- createNewSubLocation -->
</testsuite> <!-- SampleTest -->
