<?xml version="1.0" encoding="UTF-8"?>
<!-- Generated by org.testng.reporters.JUnitXMLReporter -->
<testsuite hostname="TEB5J02J3" ignored="0" name="NewSiteCreation" tests="1" failures="1" timestamp="2024-02-08T15:22:19 IST" time="47.624" errors="0">
  <testcase name="createNewSite" time="23.201" classname="com.mysite.testcases.TC_AddNewSite">
    <failure type="org.openqa.selenium.ElementClickInterceptedException" message="element click intercepted: Element &amp;lt;button id=&amp;quot;Button_LSD1HU4POMIPA58CX&amp;quot; type=&amp;quot;button&amp;quot; aria-label=&amp;quot;Submit&amp;quot; class=&amp;quot;t-button t-component t-clickable t-button-text-only t-skin-primary&amp;quot;&amp;gt;...&amp;lt;/button&amp;gt; is not clickable at point (1409, 609). Other element would receive the click: &amp;lt;div class=&amp;quot;t-blockui t-component-overlay-white t-blockui-document&amp;quot; style=&amp;quot;display: flex; z-index: 1101;&amp;quot;&amp;gt;...&amp;lt;/div&amp;gt;
  (Session info: MicrosoftEdge=120.0.2210.167)
Build info: version: &amp;apos;4.8.3&amp;apos;, revision: &amp;apos;e5e76298c3&amp;apos;
System info: os.name: &amp;apos;Windows 10&amp;apos;, os.arch: &amp;apos;amd64&amp;apos;, os.version: &amp;apos;10.0&amp;apos;, java.version: &amp;apos;1.8.0_121&amp;apos;
Driver info: org.openqa.selenium.edge.EdgeDriver
Command: [5358ff310e5341df0cda489073f4c67e, clickElement {id=5EFB42BF142B209D9B621F44A2BE0270_element_186}]
Capabilities {acceptInsecureCerts: false, browserName: MicrosoftEdge, browserVersion: 120.0.2210.167, fedcm:accounts: true, ms:edgeOptions: {debuggerAddress: localhost:61102}, msedge: {msedgedriverVersion: 120.0.2210.167 (ce6380c889f..., userDataDir: C:\Users\612627~1\AppData\L...}, networkConnectionEnabled: false, pageLoadStrategy: normal, platformName: WINDOWS, proxy: Proxy(), se:cdp: ws://localhost:61102/devtoo..., se:cdpVersion: 120.0.2210.167, setWindowRect: true, strictFileInteractability: false, timeouts: {implicit: 0, pageLoad: 300000, script: 30000}, unhandledPromptBehavior: dismiss and notify, webauthn:extension:credBlob: true, webauthn:extension:largeBlob: true, webauthn:extension:minPinLength: true, webauthn:extension:prf: true, webauthn:virtualAuthenticators: true}
Element: [[EdgeDriver: MicrosoftEdge on WINDOWS (5358ff310e5341df0cda489073f4c67e)] -&amp;gt; xpath: //button[@aria-label=&amp;apos;Submit&amp;apos;]]
Session ID: 5358ff310e5341df0cda489073f4c67e">
      <![CDATA[org.openqa.selenium.ElementClickInterceptedException: element click intercepted: Element <button id="Button_LSD1HU4POMIPA58CX" type="button" aria-label="Submit" class="t-button t-component t-clickable t-button-text-only t-skin-primary">...</button> is not clickable at point (1409, 609). Other element would receive the click: <div class="t-blockui t-component-overlay-white t-blockui-document" style="display: flex; z-index: 1101;">...</div>
  (Session info: MicrosoftEdge=120.0.2210.167)
Build info: version: '4.8.3', revision: 'e5e76298c3'
System info: os.name: 'Windows 10', os.arch: 'amd64', os.version: '10.0', java.version: '1.8.0_121'
Driver info: org.openqa.selenium.edge.EdgeDriver
Command: [5358ff310e5341df0cda489073f4c67e, clickElement {id=5EFB42BF142B209D9B621F44A2BE0270_element_186}]
Capabilities {acceptInsecureCerts: false, browserName: MicrosoftEdge, browserVersion: 120.0.2210.167, fedcm:accounts: true, ms:edgeOptions: {debuggerAddress: localhost:61102}, msedge: {msedgedriverVersion: 120.0.2210.167 (ce6380c889f..., userDataDir: C:\Users\612627~1\AppData\L...}, networkConnectionEnabled: false, pageLoadStrategy: normal, platformName: WINDOWS, proxy: Proxy(), se:cdp: ws://localhost:61102/devtoo..., se:cdpVersion: 120.0.2210.167, setWindowRect: true, strictFileInteractability: false, timeouts: {implicit: 0, pageLoad: 300000, script: 30000}, unhandledPromptBehavior: dismiss and notify, webauthn:extension:credBlob: true, webauthn:extension:largeBlob: true, webauthn:extension:minPinLength: true, webauthn:extension:prf: true, webauthn:virtualAuthenticators: true}
Element: [[EdgeDriver: MicrosoftEdge on WINDOWS (5358ff310e5341df0cda489073f4c67e)] -> xpath: //button[@aria-label='Submit']]
Session ID: 5358ff310e5341df0cda489073f4c67e
at org.openqa.selenium.remote.codec.w3c.W3CHttpResponseCodec.createException(W3CHttpResponseCodec.java:200)
at org.openqa.selenium.remote.codec.w3c.W3CHttpResponseCodec.decode(W3CHttpResponseCodec.java:133)
at org.openqa.selenium.remote.codec.w3c.W3CHttpResponseCodec.decode(W3CHttpResponseCodec.java:53)
at org.openqa.selenium.remote.HttpCommandExecutor.execute(HttpCommandExecutor.java:193)
at org.openqa.selenium.remote.service.DriverCommandExecutor.invokeExecute(DriverCommandExecutor.java:183)
at org.openqa.selenium.remote.service.DriverCommandExecutor.execute(DriverCommandExecutor.java:158)
at org.openqa.selenium.remote.RemoteWebDriver.execute(RemoteWebDriver.java:543)
at org.openqa.selenium.remote.RemoteWebElement.execute(RemoteWebElement.java:257)
at org.openqa.selenium.remote.RemoteWebElement.click(RemoteWebElement.java:78)
at org.openqa.selenium.support.pagefactory.internal.LocatingElementHandler.invoke(LocatingElementHandler.java:52)
at com.sun.proxy.$Proxy31.click(Unknown Source)
at com.mysite.pageobject.AddANewSite.clickonSubmitSiteBtn(AddANewSite.java:97)
at com.mysite.testcases.TC_AddNewSite.createNewSite(TC_AddNewSite.java:24)
at java.util.ArrayList.forEach(Unknown Source)
... Removed 35 stack frames]]>
    </failure>
  </testcase> <!-- createNewSite -->
</testsuite> <!-- NewSiteCreation -->
